<?xml version="1.0" encoding="UTF-8"?>
<!-- Generated by org.testng.reporters.JUnitXMLReporter -->
<testsuite ignored="0" hostname="SPMUMLAP-0060" failures="0" tests="59" name="Default test" time="686.361" errors="0" timestamp="2025-03-12T10:51:57 IST">
  <testcase classname="com.test.AllScenarios_EG_TC" name="RUNALL" time="0.074"/>
  <testcase classname="com.test.AllScenarios_EG_TC" name="RUNALL" time="684.795"/>
  <testcase classname="com.test.AllScenarios_EG_TC" name="RUNALL" time="0.002"/>
  <testcase classname="com.test.AllScenarios_EG_TC" name="RUNALL" time="0.001"/>
  <testcase classname="com.test.AllScenarios_EG_TC" name="RUNALL" time="0.002"/>
  <testcase classname="com.test.AllScenarios_EG_TC" name="RUNALL" time="0.002"/>
  <testcase classname="com.test.AllScenarios_EG_TC" name="RUNALL" time="0.0"/>
  <testcase classname="com.test.AllScenarios_EG_TC" name="RUNALL" time="0.001"/>
  <testcase classname="com.test.AllScenarios_EG_TC" name="RUNALL" time="0.001"/>
  <testcase classname="com.test.AllScenarios_EG_TC" name="RUNALL" time="0.001"/>
  <testcase classname="com.test.AllScenarios_EG_TC" name="RUNALL" time="0.001"/>
  <testcase classname="com.test.AllScenarios_EG_TC" name="RUNALL" time="0.001"/>
  <testcase classname="com.test.AllScenarios_EG_TC" name="RUNALL" time="0.0"/>
  <testcase classname="com.test.AllScenarios_EG_TC" name="RUNALL" time="0.0"/>
  <testcase classname="com.test.AllScenarios_EG_TC" name="RUNALL" time="0.0"/>
  <testcase classname="com.test.AllScenarios_EG_TC" name="RUNALL" time="0.0"/>
  <testcase classname="com.test.AllScenarios_EG_TC" name="RUNALL" time="0.001"/>
  <testcase classname="com.test.AllScenarios_EG_TC" name="RUNALL" time="0.001"/>
  <testcase classname="com.test.AllScenarios_EG_TC" name="RUNALL" time="0.0"/>
  <testcase classname="com.test.AllScenarios_EG_TC" name="RUNALL" time="0.001"/>
  <testcase classname="com.test.AllScenarios_EG_TC" name="RUNALL" time="0.001"/>
  <testcase classname="com.test.AllScenarios_EG_TC" name="RUNALL" time="0.0"/>
  <testcase classname="com.test.AllScenarios_EG_TC" name="RUNALL" time="0.0"/>
  <testcase classname="com.test.AllScenarios_EG_TC" name="RUNALL" time="0.001"/>
  <testcase classname="com.test.AllScenarios_EG_TC" name="RUNALL" time="0.001"/>
  <testcase classname="com.test.AllScenarios_EG_TC" name="RUNALL" time="0.0"/>
  <testcase classname="com.test.AllScenarios_EG_TC" name="RUNALL" time="0.0"/>
  <testcase classname="com.test.AllScenarios_EG_TC" name="RUNALL" time="0.002"/>
  <testcase classname="com.test.AllScenarios_EG_TC" name="RUNALL" time="0.0"/>
  <testcase classname="com.test.AllScenarios_EG_TC" name="RUNALL" time="0.0"/>
  <testcase classname="com.test.AllScenarios_EG_TC" name="RUNALL" time="0.0"/>
  <testcase classname="com.test.AllScenarios_EG_TC" name="RUNALL" time="0.0"/>
  <testcase classname="com.test.AllScenarios_EG_TC" name="RUNALL" time="0.001"/>
  <testcase classname="com.test.AllScenarios_EG_TC" name="RUNALL" time="0.001"/>
  <testcase classname="com.test.AllScenarios_EG_TC" name="RUNALL" time="0.0"/>
  <testcase classname="com.test.AllScenarios_EG_TC" name="RUNALL" time="0.0"/>
  <testcase classname="com.test.AllScenarios_EG_TC" name="RUNALL" time="0.0"/>
  <testcase classname="com.test.AllScenarios_EG_TC" name="RUNALL" time="0.001"/>
  <testcase classname="com.test.AllScenarios_EG_TC" name="RUNALL" time="0.0"/>
  <testcase classname="com.test.AllScenarios_EG_TC" name="RUNALL" time="0.001"/>
  <testcase classname="com.test.AllScenarios_EG_TC" name="RUNALL" time="0.0"/>
  <testcase classname="com.test.AllScenarios_EG_TC" name="RUNALL" time="0.002"/>
  <testcase classname="com.test.AllScenarios_EG_TC" name="RUNALL" time="0.0"/>
  <testcase classname="com.test.AllScenarios_EG_TC" name="RUNALL" time="0.0"/>
  <testcase classname="com.test.AllScenarios_EG_TC" name="RUNALL" time="0.001"/>
  <testcase classname="com.test.AllScenarios_EG_TC" name="RUNALL" time="0.0"/>
  <testcase classname="com.test.AllScenarios_EG_TC" name="RUNALL" time="0.0"/>
  <testcase classname="com.test.AllScenarios_EG_TC" name="RUNALL" time="0.0"/>
  <testcase classname="com.test.AllScenarios_EG_TC" name="RUNALL" time="0.001"/>
  <testcase classname="com.test.AllScenarios_EG_TC" name="RUNALL" time="0.001"/>
  <testcase classname="com.test.AllScenarios_EG_TC" name="RUNALL" time="0.001"/>
  <testcase classname="com.test.AllScenarios_EG_TC" name="RUNALL" time="0.001"/>
  <testcase classname="com.test.AllScenarios_EG_TC" name="RUNALL" time="0.0"/>
  <testcase classname="com.test.AllScenarios_EG_TC" name="RUNALL" time="0.001"/>
  <testcase classname="com.test.AllScenarios_EG_TC" name="RUNALL" time="0.001"/>
  <testcase classname="com.test.AllScenarios_EG_TC" name="RUNALL" time="0.001"/>
  <testcase classname="com.test.AllScenarios_EG_TC" name="RUNALL" time="0.002"/>
  <testcase classname="com.test.AllScenarios_EG_TC" name="RUNALL" time="0.001"/>
  <testcase classname="com.test.AllScenarios_EG_TC" name="RUNALL" time="0.0"/>
</testsuite> <!-- Default test -->
