<?xml version="1.0" encoding="UTF-8"?>
<testng-results ignored="0" total="59" passed="59" failed="0" skipped="0">
  <reporter-output>
  </reporter-output>
  <suite started-at="2025-03-12T10:40:31 IST" name="Default suite" finished-at="2025-03-12T10:51:57 IST" duration-ms="686361">
    <groups>
    </groups>
    <test started-at="2025-03-12T10:40:31 IST" name="Default test" finished-at="2025-03-12T10:51:57 IST" duration-ms="686361">
      <class name="com.test.AllScenarios_EG_TC">
        <test-method is-config="true" signature="reference()[pri:0, instance:com.test.AllScenarios_EG_TC@f381794]" started-at="2025-03-12T10:40:30 IST" name="reference" finished-at="2025-03-12T10:40:31 IST" duration-ms="1339" status="PASS">
          <reporter-output>
          </reporter-output>
        </test-method> <!-- reference -->
        <test-method signature="RUNALL(java.util.Map,org.testng.ITestContext)[pri:0, instance:com.test.AllScenarios_EG_TC@f381794]" started-at="2025-03-12T10:40:32 IST" name="RUNALL" data-provider="TestData" finished-at="2025-03-12T10:40:32 IST" duration-ms="74" status="PASS">
          <params>
            <param index="0">
              <value>
                <![CDATA[{Run=No, TestScenario=CM_TS_001_TC_001_TC_004_TC_005_TC_007_Validate_Create_Search_Edit_Clear}]]>
              </value>
            </param>
            <param index="1">
              <value>
                <![CDATA[org.testng.TestRunner@340b7ef6]]>
              </value>
            </param>
          </params>
          <reporter-output>
          </reporter-output>
        </test-method> <!-- RUNALL -->
        <test-method signature="RUNALL(java.util.Map,org.testng.ITestContext)[pri:0, instance:com.test.AllScenarios_EG_TC@f381794]" started-at="2025-03-12T10:40:32 IST" name="RUNALL" data-provider="TestData" finished-at="2025-03-12T10:51:57 IST" duration-ms="684795" status="PASS">
          <params>
            <param index="0">
              <value>
                <![CDATA[{Run=Yes, TestScenario=CM_TS_002_TC_001_TC_003_verify_the_Commission_set_up_Commission_method_Any_And_PMPM}]]>
              </value>
            </param>
            <param index="1">
              <value>
                <![CDATA[org.testng.TestRunner@340b7ef6]]>
              </value>
            </param>
          </params>
          <reporter-output>
          </reporter-output>
        </test-method> <!-- RUNALL -->
        <test-method signature="RUNALL(java.util.Map,org.testng.ITestContext)[pri:0, instance:com.test.AllScenarios_EG_TC@f381794]" started-at="2025-03-12T10:51:57 IST" name="RUNALL" data-provider="TestData" finished-at="2025-03-12T10:51:57 IST" duration-ms="2" status="PASS">
          <params>
            <param index="0">
              <value>
                <![CDATA[{Run=No, TestScenario=CM_TS_004_TC_001_TC_002_TC004_verify_the_imported_criteria_of_Commission_set_up_Commission_method_Any_And_PMPM}]]>
              </value>
            </param>
            <param index="1">
              <value>
                <![CDATA[org.testng.TestRunner@340b7ef6]]>
              </value>
            </param>
          </params>
          <reporter-output>
          </reporter-output>
        </test-method> <!-- RUNALL -->
        <test-method signature="RUNALL(java.util.Map,org.testng.ITestContext)[pri:0, instance:com.test.AllScenarios_EG_TC@f381794]" started-at="2025-03-12T10:51:57 IST" name="RUNALL" data-provider="TestData" finished-at="2025-03-12T10:51:57 IST" duration-ms="1" status="PASS">
          <params>
            <param index="0">
              <value>
                <![CDATA[{Run=No, TestScenario=SCM_TS_001_TC_001_TC_002_TC_004_TC_005_TC_006_TC_010_Create_Duplicate_Download_Edit_Delete_Clone}]]>
              </value>
            </param>
            <param index="1">
              <value>
                <![CDATA[org.testng.TestRunner@340b7ef6]]>
              </value>
            </param>
          </params>
          <reporter-output>
          </reporter-output>
        </test-method> <!-- RUNALL -->
        <test-method signature="RUNALL(java.util.Map,org.testng.ITestContext)[pri:0, instance:com.test.AllScenarios_EG_TC@f381794]" started-at="2025-03-12T10:51:57 IST" name="RUNALL" data-provider="TestData" finished-at="2025-03-12T10:51:57 IST" duration-ms="2" status="PASS">
          <params>
            <param index="0">
              <value>
                <![CDATA[{Run=No, TestScenario=CAM_TS_001_TC_001_TC_002_TC_003_TC_004_TC_006_TC_007_TC_008_TC_009_TC_010}]]>
              </value>
            </param>
            <param index="1">
              <value>
                <![CDATA[org.testng.TestRunner@340b7ef6]]>
              </value>
            </param>
          </params>
          <reporter-output>
          </reporter-output>
        </test-method> <!-- RUNALL -->
        <test-method signature="RUNALL(java.util.Map,org.testng.ITestContext)[pri:0, instance:com.test.AllScenarios_EG_TC@f381794]" started-at="2025-03-12T10:51:57 IST" name="RUNALL" data-provider="TestData" finished-at="2025-03-12T10:51:57 IST" duration-ms="2" status="PASS">
          <params>
            <param index="0">
              <value>
                <![CDATA[{Run=No, TestScenario=AGTS001TC001TC002TC003TC004TC005TS005TC001TS004TC001TS004TC003TS006TC001CreateEditStateLicenseCarrierAppointmentGeneralinformationtab}]]>
              </value>
            </param>
            <param index="1">
              <value>
                <![CDATA[org.testng.TestRunner@340b7ef6]]>
              </value>
            </param>
          </params>
          <reporter-output>
          </reporter-output>
        </test-method> <!-- RUNALL -->
        <test-method signature="RUNALL(java.util.Map,org.testng.ITestContext)[pri:0, instance:com.test.AllScenarios_EG_TC@f381794]" started-at="2025-03-12T10:51:57 IST" name="RUNALL" data-provider="TestData" finished-at="2025-03-12T10:51:57 IST" duration-ms="0" status="PASS">
          <params>
            <param index="0">
              <value>
                <![CDATA[{Run=No, TestScenario=AGTS002TC001TS004TC006TS004TC007TS007TC001TS008TC001TC002createsalesmanfieldsinquotes_policystabCollaborationsFilterAdvanceSearch}]]>
              </value>
            </param>
            <param index="1">
              <value>
                <![CDATA[org.testng.TestRunner@340b7ef6]]>
              </value>
            </param>
          </params>
          <reporter-output>
          </reporter-output>
        </test-method> <!-- RUNALL -->
        <test-method signature="RUNALL(java.util.Map,org.testng.ITestContext)[pri:0, instance:com.test.AllScenarios_EG_TC@f381794]" started-at="2025-03-12T10:51:57 IST" name="RUNALL" data-provider="TestData" finished-at="2025-03-12T10:51:57 IST" duration-ms="1" status="PASS">
          <params>
            <param index="0">
              <value>
                <![CDATA[{Run=, TestScenario=}]]>
              </value>
            </param>
            <param index="1">
              <value>
                <![CDATA[org.testng.TestRunner@340b7ef6]]>
              </value>
            </param>
          </params>
          <reporter-output>
          </reporter-output>
        </test-method> <!-- RUNALL -->
        <test-method signature="RUNALL(java.util.Map,org.testng.ITestContext)[pri:0, instance:com.test.AllScenarios_EG_TC@f381794]" started-at="2025-03-12T10:51:57 IST" name="RUNALL" data-provider="TestData" finished-at="2025-03-12T10:51:57 IST" duration-ms="1" status="PASS">
          <params>
            <param index="0">
              <value>
                <![CDATA[{Run=, TestScenario=}]]>
              </value>
            </param>
            <param index="1">
              <value>
                <![CDATA[org.testng.TestRunner@340b7ef6]]>
              </value>
            </param>
          </params>
          <reporter-output>
          </reporter-output>
        </test-method> <!-- RUNALL -->
        <test-method signature="RUNALL(java.util.Map,org.testng.ITestContext)[pri:0, instance:com.test.AllScenarios_EG_TC@f381794]" started-at="2025-03-12T10:51:57 IST" name="RUNALL" data-provider="TestData" finished-at="2025-03-12T10:51:57 IST" duration-ms="1" status="PASS">
          <params>
            <param index="0">
              <value>
                <![CDATA[{Run=, TestScenario=}]]>
              </value>
            </param>
            <param index="1">
              <value>
                <![CDATA[org.testng.TestRunner@340b7ef6]]>
              </value>
            </param>
          </params>
          <reporter-output>
          </reporter-output>
        </test-method> <!-- RUNALL -->
        <test-method signature="RUNALL(java.util.Map,org.testng.ITestContext)[pri:0, instance:com.test.AllScenarios_EG_TC@f381794]" started-at="2025-03-12T10:51:57 IST" name="RUNALL" data-provider="TestData" finished-at="2025-03-12T10:51:57 IST" duration-ms="1" status="PASS">
          <params>
            <param index="0">
              <value>
                <![CDATA[{Run=, TestScenario=}]]>
              </value>
            </param>
            <param index="1">
              <value>
                <![CDATA[org.testng.TestRunner@340b7ef6]]>
              </value>
            </param>
          </params>
          <reporter-output>
          </reporter-output>
        </test-method> <!-- RUNALL -->
        <test-method signature="RUNALL(java.util.Map,org.testng.ITestContext)[pri:0, instance:com.test.AllScenarios_EG_TC@f381794]" started-at="2025-03-12T10:51:57 IST" name="RUNALL" data-provider="TestData" finished-at="2025-03-12T10:51:57 IST" duration-ms="1" status="PASS">
          <params>
            <param index="0">
              <value>
                <![CDATA[{Run=, TestScenario=}]]>
              </value>
            </param>
            <param index="1">
              <value>
                <![CDATA[org.testng.TestRunner@340b7ef6]]>
              </value>
            </param>
          </params>
          <reporter-output>
          </reporter-output>
        </test-method> <!-- RUNALL -->
        <test-method signature="RUNALL(java.util.Map,org.testng.ITestContext)[pri:0, instance:com.test.AllScenarios_EG_TC@f381794]" started-at="2025-03-12T10:51:57 IST" name="RUNALL" data-provider="TestData" finished-at="2025-03-12T10:51:57 IST" duration-ms="0" status="PASS">
          <params>
            <param index="0">
              <value>
                <![CDATA[{Run=, TestScenario=}]]>
              </value>
            </param>
            <param index="1">
              <value>
                <![CDATA[org.testng.TestRunner@340b7ef6]]>
              </value>
            </param>
          </params>
          <reporter-output>
          </reporter-output>
        </test-method> <!-- RUNALL -->
        <test-method signature="RUNALL(java.util.Map,org.testng.ITestContext)[pri:0, instance:com.test.AllScenarios_EG_TC@f381794]" started-at="2025-03-12T10:51:57 IST" name="RUNALL" data-provider="TestData" finished-at="2025-03-12T10:51:57 IST" duration-ms="0" status="PASS">
          <params>
            <param index="0">
              <value>
                <![CDATA[{Run=, TestScenario=}]]>
              </value>
            </param>
            <param index="1">
              <value>
                <![CDATA[org.testng.TestRunner@340b7ef6]]>
              </value>
            </param>
          </params>
          <reporter-output>
          </reporter-output>
        </test-method> <!-- RUNALL -->
        <test-method signature="RUNALL(java.util.Map,org.testng.ITestContext)[pri:0, instance:com.test.AllScenarios_EG_TC@f381794]" started-at="2025-03-12T10:51:57 IST" name="RUNALL" data-provider="TestData" finished-at="2025-03-12T10:51:57 IST" duration-ms="0" status="PASS">
          <params>
            <param index="0">
              <value>
                <![CDATA[{Run=, TestScenario=}]]>
              </value>
            </param>
            <param index="1">
              <value>
                <![CDATA[org.testng.TestRunner@340b7ef6]]>
              </value>
            </param>
          </params>
          <reporter-output>
          </reporter-output>
        </test-method> <!-- RUNALL -->
        <test-method signature="RUNALL(java.util.Map,org.testng.ITestContext)[pri:0, instance:com.test.AllScenarios_EG_TC@f381794]" started-at="2025-03-12T10:51:57 IST" name="RUNALL" data-provider="TestData" finished-at="2025-03-12T10:51:57 IST" duration-ms="0" status="PASS">
          <params>
            <param index="0">
              <value>
                <![CDATA[{Run=, TestScenario=}]]>
              </value>
            </param>
            <param index="1">
              <value>
                <![CDATA[org.testng.TestRunner@340b7ef6]]>
              </value>
            </param>
          </params>
          <reporter-output>
          </reporter-output>
        </test-method> <!-- RUNALL -->
        <test-method signature="RUNALL(java.util.Map,org.testng.ITestContext)[pri:0, instance:com.test.AllScenarios_EG_TC@f381794]" started-at="2025-03-12T10:51:57 IST" name="RUNALL" data-provider="TestData" finished-at="2025-03-12T10:51:57 IST" duration-ms="1" status="PASS">
          <params>
            <param index="0">
              <value>
                <![CDATA[{Run=, TestScenario=}]]>
              </value>
            </param>
            <param index="1">
              <value>
                <![CDATA[org.testng.TestRunner@340b7ef6]]>
              </value>
            </param>
          </params>
          <reporter-output>
          </reporter-output>
        </test-method> <!-- RUNALL -->
        <test-method signature="RUNALL(java.util.Map,org.testng.ITestContext)[pri:0, instance:com.test.AllScenarios_EG_TC@f381794]" started-at="2025-03-12T10:51:57 IST" name="RUNALL" data-provider="TestData" finished-at="2025-03-12T10:51:57 IST" duration-ms="1" status="PASS">
          <params>
            <param index="0">
              <value>
                <![CDATA[{Run=, TestScenario=}]]>
              </value>
            </param>
            <param index="1">
              <value>
                <![CDATA[org.testng.TestRunner@340b7ef6]]>
              </value>
            </param>
          </params>
          <reporter-output>
          </reporter-output>
        </test-method> <!-- RUNALL -->
        <test-method signature="RUNALL(java.util.Map,org.testng.ITestContext)[pri:0, instance:com.test.AllScenarios_EG_TC@f381794]" started-at="2025-03-12T10:51:57 IST" name="RUNALL" data-provider="TestData" finished-at="2025-03-12T10:51:57 IST" duration-ms="0" status="PASS">
          <params>
            <param index="0">
              <value>
                <![CDATA[{Run=, TestScenario=}]]>
              </value>
            </param>
            <param index="1">
              <value>
                <![CDATA[org.testng.TestRunner@340b7ef6]]>
              </value>
            </param>
          </params>
          <reporter-output>
          </reporter-output>
        </test-method> <!-- RUNALL -->
        <test-method signature="RUNALL(java.util.Map,org.testng.ITestContext)[pri:0, instance:com.test.AllScenarios_EG_TC@f381794]" started-at="2025-03-12T10:51:57 IST" name="RUNALL" data-provider="TestData" finished-at="2025-03-12T10:51:57 IST" duration-ms="1" status="PASS">
          <params>
            <param index="0">
              <value>
                <![CDATA[{Run=, TestScenario=}]]>
              </value>
            </param>
            <param index="1">
              <value>
                <![CDATA[org.testng.TestRunner@340b7ef6]]>
              </value>
            </param>
          </params>
          <reporter-output>
          </reporter-output>
        </test-method> <!-- RUNALL -->
        <test-method signature="RUNALL(java.util.Map,org.testng.ITestContext)[pri:0, instance:com.test.AllScenarios_EG_TC@f381794]" started-at="2025-03-12T10:51:57 IST" name="RUNALL" data-provider="TestData" finished-at="2025-03-12T10:51:57 IST" duration-ms="1" status="PASS">
          <params>
            <param index="0">
              <value>
                <![CDATA[{Run=, TestScenario=}]]>
              </value>
            </param>
            <param index="1">
              <value>
                <![CDATA[org.testng.TestRunner@340b7ef6]]>
              </value>
            </param>
          </params>
          <reporter-output>
          </reporter-output>
        </test-method> <!-- RUNALL -->
        <test-method signature="RUNALL(java.util.Map,org.testng.ITestContext)[pri:0, instance:com.test.AllScenarios_EG_TC@f381794]" started-at="2025-03-12T10:51:57 IST" name="RUNALL" data-provider="TestData" finished-at="2025-03-12T10:51:57 IST" duration-ms="0" status="PASS">
          <params>
            <param index="0">
              <value>
                <![CDATA[{Run=, TestScenario=}]]>
              </value>
            </param>
            <param index="1">
              <value>
                <![CDATA[org.testng.TestRunner@340b7ef6]]>
              </value>
            </param>
          </params>
          <reporter-output>
          </reporter-output>
        </test-method> <!-- RUNALL -->
        <test-method signature="RUNALL(java.util.Map,org.testng.ITestContext)[pri:0, instance:com.test.AllScenarios_EG_TC@f381794]" started-at="2025-03-12T10:51:57 IST" name="RUNALL" data-provider="TestData" finished-at="2025-03-12T10:51:57 IST" duration-ms="0" status="PASS">
          <params>
            <param index="0">
              <value>
                <![CDATA[{Run=, TestScenario=}]]>
              </value>
            </param>
            <param index="1">
              <value>
                <![CDATA[org.testng.TestRunner@340b7ef6]]>
              </value>
            </param>
          </params>
          <reporter-output>
          </reporter-output>
        </test-method> <!-- RUNALL -->
        <test-method signature="RUNALL(java.util.Map,org.testng.ITestContext)[pri:0, instance:com.test.AllScenarios_EG_TC@f381794]" started-at="2025-03-12T10:51:57 IST" name="RUNALL" data-provider="TestData" finished-at="2025-03-12T10:51:57 IST" duration-ms="1" status="PASS">
          <params>
            <param index="0">
              <value>
                <![CDATA[{Run=, TestScenario=}]]>
              </value>
            </param>
            <param index="1">
              <value>
                <![CDATA[org.testng.TestRunner@340b7ef6]]>
              </value>
            </param>
          </params>
          <reporter-output>
          </reporter-output>
        </test-method> <!-- RUNALL -->
        <test-method signature="RUNALL(java.util.Map,org.testng.ITestContext)[pri:0, instance:com.test.AllScenarios_EG_TC@f381794]" started-at="2025-03-12T10:51:57 IST" name="RUNALL" data-provider="TestData" finished-at="2025-03-12T10:51:57 IST" duration-ms="1" status="PASS">
          <params>
            <param index="0">
              <value>
                <![CDATA[{Run=, TestScenario=}]]>
              </value>
            </param>
            <param index="1">
              <value>
                <![CDATA[org.testng.TestRunner@340b7ef6]]>
              </value>
            </param>
          </params>
          <reporter-output>
          </reporter-output>
        </test-method> <!-- RUNALL -->
        <test-method signature="RUNALL(java.util.Map,org.testng.ITestContext)[pri:0, instance:com.test.AllScenarios_EG_TC@f381794]" started-at="2025-03-12T10:51:57 IST" name="RUNALL" data-provider="TestData" finished-at="2025-03-12T10:51:57 IST" duration-ms="0" status="PASS">
          <params>
            <param index="0">
              <value>
                <![CDATA[{Run=, TestScenario=}]]>
              </value>
            </param>
            <param index="1">
              <value>
                <![CDATA[org.testng.TestRunner@340b7ef6]]>
              </value>
            </param>
          </params>
          <reporter-output>
          </reporter-output>
        </test-method> <!-- RUNALL -->
        <test-method signature="RUNALL(java.util.Map,org.testng.ITestContext)[pri:0, instance:com.test.AllScenarios_EG_TC@f381794]" started-at="2025-03-12T10:51:57 IST" name="RUNALL" data-provider="TestData" finished-at="2025-03-12T10:51:57 IST" duration-ms="0" status="PASS">
          <params>
            <param index="0">
              <value>
                <![CDATA[{Run=, TestScenario=}]]>
              </value>
            </param>
            <param index="1">
              <value>
                <![CDATA[org.testng.TestRunner@340b7ef6]]>
              </value>
            </param>
          </params>
          <reporter-output>
          </reporter-output>
        </test-method> <!-- RUNALL -->
        <test-method signature="RUNALL(java.util.Map,org.testng.ITestContext)[pri:0, instance:com.test.AllScenarios_EG_TC@f381794]" started-at="2025-03-12T10:51:57 IST" name="RUNALL" data-provider="TestData" finished-at="2025-03-12T10:51:57 IST" duration-ms="2" status="PASS">
          <params>
            <param index="0">
              <value>
                <![CDATA[{Run=, TestScenario=}]]>
              </value>
            </param>
            <param index="1">
              <value>
                <![CDATA[org.testng.TestRunner@340b7ef6]]>
              </value>
            </param>
          </params>
          <reporter-output>
          </reporter-output>
        </test-method> <!-- RUNALL -->
        <test-method signature="RUNALL(java.util.Map,org.testng.ITestContext)[pri:0, instance:com.test.AllScenarios_EG_TC@f381794]" started-at="2025-03-12T10:51:57 IST" name="RUNALL" data-provider="TestData" finished-at="2025-03-12T10:51:57 IST" duration-ms="0" status="PASS">
          <params>
            <param index="0">
              <value>
                <![CDATA[{Run=, TestScenario=}]]>
              </value>
            </param>
            <param index="1">
              <value>
                <![CDATA[org.testng.TestRunner@340b7ef6]]>
              </value>
            </param>
          </params>
          <reporter-output>
          </reporter-output>
        </test-method> <!-- RUNALL -->
        <test-method signature="RUNALL(java.util.Map,org.testng.ITestContext)[pri:0, instance:com.test.AllScenarios_EG_TC@f381794]" started-at="2025-03-12T10:51:57 IST" name="RUNALL" data-provider="TestData" finished-at="2025-03-12T10:51:57 IST" duration-ms="0" status="PASS">
          <params>
            <param index="0">
              <value>
                <![CDATA[{Run=, TestScenario=}]]>
              </value>
            </param>
            <param index="1">
              <value>
                <![CDATA[org.testng.TestRunner@340b7ef6]]>
              </value>
            </param>
          </params>
          <reporter-output>
          </reporter-output>
        </test-method> <!-- RUNALL -->
        <test-method signature="RUNALL(java.util.Map,org.testng.ITestContext)[pri:0, instance:com.test.AllScenarios_EG_TC@f381794]" started-at="2025-03-12T10:51:57 IST" name="RUNALL" data-provider="TestData" finished-at="2025-03-12T10:51:57 IST" duration-ms="0" status="PASS">
          <params>
            <param index="0">
              <value>
                <![CDATA[{Run=, TestScenario=}]]>
              </value>
            </param>
            <param index="1">
              <value>
                <![CDATA[org.testng.TestRunner@340b7ef6]]>
              </value>
            </param>
          </params>
          <reporter-output>
          </reporter-output>
        </test-method> <!-- RUNALL -->
        <test-method signature="RUNALL(java.util.Map,org.testng.ITestContext)[pri:0, instance:com.test.AllScenarios_EG_TC@f381794]" started-at="2025-03-12T10:51:57 IST" name="RUNALL" data-provider="TestData" finished-at="2025-03-12T10:51:57 IST" duration-ms="0" status="PASS">
          <params>
            <param index="0">
              <value>
                <![CDATA[{Run=, TestScenario=}]]>
              </value>
            </param>
            <param index="1">
              <value>
                <![CDATA[org.testng.TestRunner@340b7ef6]]>
              </value>
            </param>
          </params>
          <reporter-output>
          </reporter-output>
        </test-method> <!-- RUNALL -->
        <test-method signature="RUNALL(java.util.Map,org.testng.ITestContext)[pri:0, instance:com.test.AllScenarios_EG_TC@f381794]" started-at="2025-03-12T10:51:57 IST" name="RUNALL" data-provider="TestData" finished-at="2025-03-12T10:51:57 IST" duration-ms="1" status="PASS">
          <params>
            <param index="0">
              <value>
                <![CDATA[{Run=, TestScenario=}]]>
              </value>
            </param>
            <param index="1">
              <value>
                <![CDATA[org.testng.TestRunner@340b7ef6]]>
              </value>
            </param>
          </params>
          <reporter-output>
          </reporter-output>
        </test-method> <!-- RUNALL -->
        <test-method signature="RUNALL(java.util.Map,org.testng.ITestContext)[pri:0, instance:com.test.AllScenarios_EG_TC@f381794]" started-at="2025-03-12T10:51:57 IST" name="RUNALL" data-provider="TestData" finished-at="2025-03-12T10:51:57 IST" duration-ms="1" status="PASS">
          <params>
            <param index="0">
              <value>
                <![CDATA[{Run=, TestScenario=}]]>
              </value>
            </param>
            <param index="1">
              <value>
                <![CDATA[org.testng.TestRunner@340b7ef6]]>
              </value>
            </param>
          </params>
          <reporter-output>
          </reporter-output>
        </test-method> <!-- RUNALL -->
        <test-method signature="RUNALL(java.util.Map,org.testng.ITestContext)[pri:0, instance:com.test.AllScenarios_EG_TC@f381794]" started-at="2025-03-12T10:51:57 IST" name="RUNALL" data-provider="TestData" finished-at="2025-03-12T10:51:57 IST" duration-ms="0" status="PASS">
          <params>
            <param index="0">
              <value>
                <![CDATA[{Run=, TestScenario=}]]>
              </value>
            </param>
            <param index="1">
              <value>
                <![CDATA[org.testng.TestRunner@340b7ef6]]>
              </value>
            </param>
          </params>
          <reporter-output>
          </reporter-output>
        </test-method> <!-- RUNALL -->
        <test-method signature="RUNALL(java.util.Map,org.testng.ITestContext)[pri:0, instance:com.test.AllScenarios_EG_TC@f381794]" started-at="2025-03-12T10:51:57 IST" name="RUNALL" data-provider="TestData" finished-at="2025-03-12T10:51:57 IST" duration-ms="0" status="PASS">
          <params>
            <param index="0">
              <value>
                <![CDATA[{Run=, TestScenario=}]]>
              </value>
            </param>
            <param index="1">
              <value>
                <![CDATA[org.testng.TestRunner@340b7ef6]]>
              </value>
            </param>
          </params>
          <reporter-output>
          </reporter-output>
        </test-method> <!-- RUNALL -->
        <test-method signature="RUNALL(java.util.Map,org.testng.ITestContext)[pri:0, instance:com.test.AllScenarios_EG_TC@f381794]" started-at="2025-03-12T10:51:57 IST" name="RUNALL" data-provider="TestData" finished-at="2025-03-12T10:51:57 IST" duration-ms="0" status="PASS">
          <params>
            <param index="0">
              <value>
                <![CDATA[{Run=, TestScenario=}]]>
              </value>
            </param>
            <param index="1">
              <value>
                <![CDATA[org.testng.TestRunner@340b7ef6]]>
              </value>
            </param>
          </params>
          <reporter-output>
          </reporter-output>
        </test-method> <!-- RUNALL -->
        <test-method signature="RUNALL(java.util.Map,org.testng.ITestContext)[pri:0, instance:com.test.AllScenarios_EG_TC@f381794]" started-at="2025-03-12T10:51:57 IST" name="RUNALL" data-provider="TestData" finished-at="2025-03-12T10:51:57 IST" duration-ms="1" status="PASS">
          <params>
            <param index="0">
              <value>
                <![CDATA[{Run=, TestScenario=}]]>
              </value>
            </param>
            <param index="1">
              <value>
                <![CDATA[org.testng.TestRunner@340b7ef6]]>
              </value>
            </param>
          </params>
          <reporter-output>
          </reporter-output>
        </test-method> <!-- RUNALL -->
        <test-method signature="RUNALL(java.util.Map,org.testng.ITestContext)[pri:0, instance:com.test.AllScenarios_EG_TC@f381794]" started-at="2025-03-12T10:51:57 IST" name="RUNALL" data-provider="TestData" finished-at="2025-03-12T10:51:57 IST" duration-ms="0" status="PASS">
          <params>
            <param index="0">
              <value>
                <![CDATA[{Run=, TestScenario=}]]>
              </value>
            </param>
            <param index="1">
              <value>
                <![CDATA[org.testng.TestRunner@340b7ef6]]>
              </value>
            </param>
          </params>
          <reporter-output>
          </reporter-output>
        </test-method> <!-- RUNALL -->
        <test-method signature="RUNALL(java.util.Map,org.testng.ITestContext)[pri:0, instance:com.test.AllScenarios_EG_TC@f381794]" started-at="2025-03-12T10:51:57 IST" name="RUNALL" data-provider="TestData" finished-at="2025-03-12T10:51:57 IST" duration-ms="1" status="PASS">
          <params>
            <param index="0">
              <value>
                <![CDATA[{Run=, TestScenario=}]]>
              </value>
            </param>
            <param index="1">
              <value>
                <![CDATA[org.testng.TestRunner@340b7ef6]]>
              </value>
            </param>
          </params>
          <reporter-output>
          </reporter-output>
        </test-method> <!-- RUNALL -->
        <test-method signature="RUNALL(java.util.Map,org.testng.ITestContext)[pri:0, instance:com.test.AllScenarios_EG_TC@f381794]" started-at="2025-03-12T10:51:57 IST" name="RUNALL" data-provider="TestData" finished-at="2025-03-12T10:51:57 IST" duration-ms="0" status="PASS">
          <params>
            <param index="0">
              <value>
                <![CDATA[{Run=, TestScenario=}]]>
              </value>
            </param>
            <param index="1">
              <value>
                <![CDATA[org.testng.TestRunner@340b7ef6]]>
              </value>
            </param>
          </params>
          <reporter-output>
          </reporter-output>
        </test-method> <!-- RUNALL -->
        <test-method signature="RUNALL(java.util.Map,org.testng.ITestContext)[pri:0, instance:com.test.AllScenarios_EG_TC@f381794]" started-at="2025-03-12T10:51:57 IST" name="RUNALL" data-provider="TestData" finished-at="2025-03-12T10:51:57 IST" duration-ms="2" status="PASS">
          <params>
            <param index="0">
              <value>
                <![CDATA[{Run=, TestScenario=}]]>
              </value>
            </param>
            <param index="1">
              <value>
                <![CDATA[org.testng.TestRunner@340b7ef6]]>
              </value>
            </param>
          </params>
          <reporter-output>
          </reporter-output>
        </test-method> <!-- RUNALL -->
        <test-method signature="RUNALL(java.util.Map,org.testng.ITestContext)[pri:0, instance:com.test.AllScenarios_EG_TC@f381794]" started-at="2025-03-12T10:51:57 IST" name="RUNALL" data-provider="TestData" finished-at="2025-03-12T10:51:57 IST" duration-ms="0" status="PASS">
          <params>
            <param index="0">
              <value>
                <![CDATA[{Run=, TestScenario=}]]>
              </value>
            </param>
            <param index="1">
              <value>
                <![CDATA[org.testng.TestRunner@340b7ef6]]>
              </value>
            </param>
          </params>
          <reporter-output>
          </reporter-output>
        </test-method> <!-- RUNALL -->
        <test-method signature="RUNALL(java.util.Map,org.testng.ITestContext)[pri:0, instance:com.test.AllScenarios_EG_TC@f381794]" started-at="2025-03-12T10:51:57 IST" name="RUNALL" data-provider="TestData" finished-at="2025-03-12T10:51:57 IST" duration-ms="0" status="PASS">
          <params>
            <param index="0">
              <value>
                <![CDATA[{Run=, TestScenario=}]]>
              </value>
            </param>
            <param index="1">
              <value>
                <![CDATA[org.testng.TestRunner@340b7ef6]]>
              </value>
            </param>
          </params>
          <reporter-output>
          </reporter-output>
        </test-method> <!-- RUNALL -->
        <test-method signature="RUNALL(java.util.Map,org.testng.ITestContext)[pri:0, instance:com.test.AllScenarios_EG_TC@f381794]" started-at="2025-03-12T10:51:57 IST" name="RUNALL" data-provider="TestData" finished-at="2025-03-12T10:51:57 IST" duration-ms="1" status="PASS">
          <params>
            <param index="0">
              <value>
                <![CDATA[{Run=, TestScenario=}]]>
              </value>
            </param>
            <param index="1">
              <value>
                <![CDATA[org.testng.TestRunner@340b7ef6]]>
              </value>
            </param>
          </params>
          <reporter-output>
          </reporter-output>
        </test-method> <!-- RUNALL -->
        <test-method signature="RUNALL(java.util.Map,org.testng.ITestContext)[pri:0, instance:com.test.AllScenarios_EG_TC@f381794]" started-at="2025-03-12T10:51:57 IST" name="RUNALL" data-provider="TestData" finished-at="2025-03-12T10:51:57 IST" duration-ms="0" status="PASS">
          <params>
            <param index="0">
              <value>
                <![CDATA[{Run=, TestScenario=}]]>
              </value>
            </param>
            <param index="1">
              <value>
                <![CDATA[org.testng.TestRunner@340b7ef6]]>
              </value>
            </param>
          </params>
          <reporter-output>
          </reporter-output>
        </test-method> <!-- RUNALL -->
        <test-method signature="RUNALL(java.util.Map,org.testng.ITestContext)[pri:0, instance:com.test.AllScenarios_EG_TC@f381794]" started-at="2025-03-12T10:51:57 IST" name="RUNALL" data-provider="TestData" finished-at="2025-03-12T10:51:57 IST" duration-ms="0" status="PASS">
          <params>
            <param index="0">
              <value>
                <![CDATA[{Run=, TestScenario=}]]>
              </value>
            </param>
            <param index="1">
              <value>
                <![CDATA[org.testng.TestRunner@340b7ef6]]>
              </value>
            </param>
          </params>
          <reporter-output>
          </reporter-output>
        </test-method> <!-- RUNALL -->
        <test-method signature="RUNALL(java.util.Map,org.testng.ITestContext)[pri:0, instance:com.test.AllScenarios_EG_TC@f381794]" started-at="2025-03-12T10:51:57 IST" name="RUNALL" data-provider="TestData" finished-at="2025-03-12T10:51:57 IST" duration-ms="0" status="PASS">
          <params>
            <param index="0">
              <value>
                <![CDATA[{Run=, TestScenario=}]]>
              </value>
            </param>
            <param index="1">
              <value>
                <![CDATA[org.testng.TestRunner@340b7ef6]]>
              </value>
            </param>
          </params>
          <reporter-output>
          </reporter-output>
        </test-method> <!-- RUNALL -->
        <test-method signature="RUNALL(java.util.Map,org.testng.ITestContext)[pri:0, instance:com.test.AllScenarios_EG_TC@f381794]" started-at="2025-03-12T10:51:57 IST" name="RUNALL" data-provider="TestData" finished-at="2025-03-12T10:51:57 IST" duration-ms="1" status="PASS">
          <params>
            <param index="0">
              <value>
                <![CDATA[{Run=, TestScenario=}]]>
              </value>
            </param>
            <param index="1">
              <value>
                <![CDATA[org.testng.TestRunner@340b7ef6]]>
              </value>
            </param>
          </params>
          <reporter-output>
          </reporter-output>
        </test-method> <!-- RUNALL -->
        <test-method signature="RUNALL(java.util.Map,org.testng.ITestContext)[pri:0, instance:com.test.AllScenarios_EG_TC@f381794]" started-at="2025-03-12T10:51:57 IST" name="RUNALL" data-provider="TestData" finished-at="2025-03-12T10:51:57 IST" duration-ms="1" status="PASS">
          <params>
            <param index="0">
              <value>
                <![CDATA[{Run=, TestScenario=}]]>
              </value>
            </param>
            <param index="1">
              <value>
                <![CDATA[org.testng.TestRunner@340b7ef6]]>
              </value>
            </param>
          </params>
          <reporter-output>
          </reporter-output>
        </test-method> <!-- RUNALL -->
        <test-method signature="RUNALL(java.util.Map,org.testng.ITestContext)[pri:0, instance:com.test.AllScenarios_EG_TC@f381794]" started-at="2025-03-12T10:51:57 IST" name="RUNALL" data-provider="TestData" finished-at="2025-03-12T10:51:57 IST" duration-ms="1" status="PASS">
          <params>
            <param index="0">
              <value>
                <![CDATA[{Run=, TestScenario=}]]>
              </value>
            </param>
            <param index="1">
              <value>
                <![CDATA[org.testng.TestRunner@340b7ef6]]>
              </value>
            </param>
          </params>
          <reporter-output>
          </reporter-output>
        </test-method> <!-- RUNALL -->
        <test-method signature="RUNALL(java.util.Map,org.testng.ITestContext)[pri:0, instance:com.test.AllScenarios_EG_TC@f381794]" started-at="2025-03-12T10:51:57 IST" name="RUNALL" data-provider="TestData" finished-at="2025-03-12T10:51:57 IST" duration-ms="1" status="PASS">
          <params>
            <param index="0">
              <value>
                <![CDATA[{Run=, TestScenario=}]]>
              </value>
            </param>
            <param index="1">
              <value>
                <![CDATA[org.testng.TestRunner@340b7ef6]]>
              </value>
            </param>
          </params>
          <reporter-output>
          </reporter-output>
        </test-method> <!-- RUNALL -->
        <test-method signature="RUNALL(java.util.Map,org.testng.ITestContext)[pri:0, instance:com.test.AllScenarios_EG_TC@f381794]" started-at="2025-03-12T10:51:57 IST" name="RUNALL" data-provider="TestData" finished-at="2025-03-12T10:51:57 IST" duration-ms="0" status="PASS">
          <params>
            <param index="0">
              <value>
                <![CDATA[{Run=, TestScenario=}]]>
              </value>
            </param>
            <param index="1">
              <value>
                <![CDATA[org.testng.TestRunner@340b7ef6]]>
              </value>
            </param>
          </params>
          <reporter-output>
          </reporter-output>
        </test-method> <!-- RUNALL -->
        <test-method signature="RUNALL(java.util.Map,org.testng.ITestContext)[pri:0, instance:com.test.AllScenarios_EG_TC@f381794]" started-at="2025-03-12T10:51:57 IST" name="RUNALL" data-provider="TestData" finished-at="2025-03-12T10:51:57 IST" duration-ms="1" status="PASS">
          <params>
            <param index="0">
              <value>
                <![CDATA[{Run=, TestScenario=}]]>
              </value>
            </param>
            <param index="1">
              <value>
                <![CDATA[org.testng.TestRunner@340b7ef6]]>
              </value>
            </param>
          </params>
          <reporter-output>
          </reporter-output>
        </test-method> <!-- RUNALL -->
        <test-method signature="RUNALL(java.util.Map,org.testng.ITestContext)[pri:0, instance:com.test.AllScenarios_EG_TC@f381794]" started-at="2025-03-12T10:51:57 IST" name="RUNALL" data-provider="TestData" finished-at="2025-03-12T10:51:57 IST" duration-ms="1" status="PASS">
          <params>
            <param index="0">
              <value>
                <![CDATA[{Run=, TestScenario=}]]>
              </value>
            </param>
            <param index="1">
              <value>
                <![CDATA[org.testng.TestRunner@340b7ef6]]>
              </value>
            </param>
          </params>
          <reporter-output>
          </reporter-output>
        </test-method> <!-- RUNALL -->
        <test-method signature="RUNALL(java.util.Map,org.testng.ITestContext)[pri:0, instance:com.test.AllScenarios_EG_TC@f381794]" started-at="2025-03-12T10:51:57 IST" name="RUNALL" data-provider="TestData" finished-at="2025-03-12T10:51:57 IST" duration-ms="1" status="PASS">
          <params>
            <param index="0">
              <value>
                <![CDATA[{Run=, TestScenario=}]]>
              </value>
            </param>
            <param index="1">
              <value>
                <![CDATA[org.testng.TestRunner@340b7ef6]]>
              </value>
            </param>
          </params>
          <reporter-output>
          </reporter-output>
        </test-method> <!-- RUNALL -->
        <test-method signature="RUNALL(java.util.Map,org.testng.ITestContext)[pri:0, instance:com.test.AllScenarios_EG_TC@f381794]" started-at="2025-03-12T10:51:57 IST" name="RUNALL" data-provider="TestData" finished-at="2025-03-12T10:51:57 IST" duration-ms="2" status="PASS">
          <params>
            <param index="0">
              <value>
                <![CDATA[{Run=, TestScenario=}]]>
              </value>
            </param>
            <param index="1">
              <value>
                <![CDATA[org.testng.TestRunner@340b7ef6]]>
              </value>
            </param>
          </params>
          <reporter-output>
          </reporter-output>
        </test-method> <!-- RUNALL -->
        <test-method signature="RUNALL(java.util.Map,org.testng.ITestContext)[pri:0, instance:com.test.AllScenarios_EG_TC@f381794]" started-at="2025-03-12T10:51:57 IST" name="RUNALL" data-provider="TestData" finished-at="2025-03-12T10:51:57 IST" duration-ms="1" status="PASS">
          <params>
            <param index="0">
              <value>
                <![CDATA[{Run=, TestScenario=}]]>
              </value>
            </param>
            <param index="1">
              <value>
                <![CDATA[org.testng.TestRunner@340b7ef6]]>
              </value>
            </param>
          </params>
          <reporter-output>
          </reporter-output>
        </test-method> <!-- RUNALL -->
        <test-method signature="RUNALL(java.util.Map,org.testng.ITestContext)[pri:0, instance:com.test.AllScenarios_EG_TC@f381794]" started-at="2025-03-12T10:51:57 IST" name="RUNALL" data-provider="TestData" finished-at="2025-03-12T10:51:57 IST" duration-ms="0" status="PASS">
          <params>
            <param index="0">
              <value>
                <![CDATA[{Run=, TestScenario=}]]>
              </value>
            </param>
            <param index="1">
              <value>
                <![CDATA[org.testng.TestRunner@340b7ef6]]>
              </value>
            </param>
          </params>
          <reporter-output>
          </reporter-output>
        </test-method> <!-- RUNALL -->
        <test-method is-config="true" signature="sharingReport()[pri:0, instance:com.test.AllScenarios_EG_TC@f381794]" started-at="2025-03-12T10:51:57 IST" name="sharingReport" finished-at="2025-03-12T10:51:57 IST" duration-ms="1" status="PASS">
          <reporter-output>
          </reporter-output>
        </test-method> <!-- sharingReport -->
      </class> <!-- com.test.AllScenarios_EG_TC -->
    </test> <!-- Default test -->
  </suite> <!-- Default suite -->
</testng-results>
